  [1m[35m (0.9ms)[0m  [1m[35mCREATE TABLE "schema_migrations" ("version" varchar NOT NULL PRIMARY KEY)[0m
  [1m[35m (0.5ms)[0m  [1m[35mCREATE TABLE "ar_internal_metadata" ("key" varchar NOT NULL PRIMARY KEY, "value" varchar, "created_at" datetime(6) NOT NULL, "updated_at" datetime(6) NOT NULL)[0m
  [1m[36mActiveRecord::SchemaMigration Pluck (0.1ms)[0m  [1m[34mSELECT "schema_migrations"."version" FROM "schema_migrations" ORDER BY "schema_migrations"."version" ASC[0m
Migrating to CreateUsers (20230526070337)
  [1m[36mTRANSACTION (0.0ms)[0m  [1m[36mbegin transaction[0m
  [1m[35m (0.2ms)[0m  [1m[35mCREATE TABLE "users" ("id" integer PRIMARY KEY AUTOINCREMENT NOT NULL, "name" varchar, "email" varchar, "phone_number" integer, "password_digest" varchar, "created_at" datetime(6) NOT NULL, "updated_at" datetime(6) NOT NULL)[0m
  [1m[36mActiveRecord::SchemaMigration Create (0.4ms)[0m  [1m[32mINSERT INTO "schema_migrations" ("version") VALUES (?)[0m  [["version", "20230526070337"]]
  [1m[36mTRANSACTION (0.5ms)[0m  [1m[36mcommit transaction[0m
Migrating to CreateProducts (20230526070638)
  [1m[36mTRANSACTION (0.0ms)[0m  [1m[36mbegin transaction[0m
  [1m[35m (0.3ms)[0m  [1m[35mCREATE TABLE "products" ("id" integer PRIMARY KEY AUTOINCREMENT NOT NULL, "image" varchar, "description" varchar, "unit_price" integer, "quantity" integer, "total" integer, "created_at" datetime(6) NOT NULL, "updated_at" datetime(6) NOT NULL)[0m
  [1m[36mActiveRecord::SchemaMigration Create (0.1ms)[0m  [1m[32mINSERT INTO "schema_migrations" ("version") VALUES (?)[0m  [["version", "20230526070638"]]
  [1m[36mTRANSACTION (0.4ms)[0m  [1m[36mcommit transaction[0m
  [1m[36mActiveRecord::InternalMetadata Load (0.5ms)[0m  [1m[34mSELECT "ar_internal_metadata".* FROM "ar_internal_metadata" WHERE "ar_internal_metadata"."key" = ? LIMIT ?[0m  [["key", "environment"], ["LIMIT", 1]]
  [1m[36mTRANSACTION (0.0ms)[0m  [1m[36mbegin transaction[0m
  [1m[36mActiveRecord::InternalMetadata Create (0.2ms)[0m  [1m[32mINSERT INTO "ar_internal_metadata" ("key", "value", "created_at", "updated_at") VALUES (?, ?, ?, ?)[0m  [["key", "environment"], ["value", "development"], ["created_at", "2023-05-26 07:10:54.358125"], ["updated_at", "2023-05-26 07:10:54.358125"]]
  [1m[36mTRANSACTION (0.3ms)[0m  [1m[36mcommit transaction[0m
  [1m[36mActiveRecord::SchemaMigration Pluck (0.1ms)[0m  [1m[34mSELECT "schema_migrations"."version" FROM "schema_migrations" ORDER BY "schema_migrations"."version" ASC[0m
Started POST "/register" for 127.0.0.1 at 2023-05-26 11:16:42 +0300
  [1m[36mActiveRecord::SchemaMigration Pluck (0.1ms)[0m  [1m[34mSELECT "schema_migrations"."version" FROM "schema_migrations" ORDER BY "schema_migrations"."version" ASC[0m
  
SyntaxError (/Users/nyokabikamau/Development/projects/smart-cart/api/app/controllers/users_controller.rb:18: syntax error, unexpected ',', expecting =>
...          render json: { @user, jwt: @token }, status: :crea...
...                              ^
):
  
app/controllers/users_controller.rb:18: syntax error, unexpected ',', expecting =>
app/controllers/users_controller.rb:18: syntax error, unexpected ',', expecting =>
Started POST "/register" for 127.0.0.1 at 2023-05-26 11:17:44 +0300
Processing by UsersController#create as */*
  Parameters: {"name"=>"Nyokabi", "email"=>"nyokabi@gmail.com", "phone_number"=>"000000", "password"=>"[FILTERED]", "user"=>{"name"=>"Nyokabi", "email"=>"nyokabi@gmail.com", "phone_number"=>"000000"}}
[31mUnpermitted parameter: :user. Context: { controller: UsersController, action: create, request: #<ActionDispatch::Request:0x00007fcf486f9ab8>, params: {"name"=>"Nyokabi", "email"=>"nyokabi@gmail.com", "phone_number"=>"000000", "password"=>"[FILTERED]", "controller"=>"users", "action"=>"create", "user"=>{"name"=>"Nyokabi", "email"=>"nyokabi@gmail.com", "phone_number"=>"000000"}} }[0m
Completed 500 Internal Server Error in 32ms (ActiveRecord: 0.7ms | Allocations: 37557)


  
ActiveModel::UnknownAttributeError (unknown attribute 'password' for User.):
  
app/controllers/users_controller.rb:15:in `create'
  [1m[36mActiveRecord::SchemaMigration Pluck (0.1ms)[0m  [1m[34mSELECT "schema_migrations"."version" FROM "schema_migrations" ORDER BY "schema_migrations"."version" ASC[0m
  [1m[36mActiveRecord::SchemaMigration Pluck (0.0ms)[0m  [1m[34mSELECT "schema_migrations"."version" FROM "schema_migrations" ORDER BY "schema_migrations"."version" ASC[0m
  [1m[36mActiveRecord::SchemaMigration Pluck (0.0ms)[0m  [1m[34mSELECT "schema_migrations"."version" FROM "schema_migrations" ORDER BY "schema_migrations"."version" ASC[0m
  [1m[36mActiveRecord::SchemaMigration Pluck (0.0ms)[0m  [1m[34mSELECT "schema_migrations"."version" FROM "schema_migrations" ORDER BY "schema_migrations"."version" ASC[0m
Migrating to CreateProducts (20230526070638)
  [1m[36mTRANSACTION (0.1ms)[0m  [1m[36mbegin transaction[0m
  [1m[35m (1.4ms)[0m  [1m[35mDROP TABLE "products"[0m
  [1m[36mActiveRecord::SchemaMigration Delete All (0.5ms)[0m  [1m[31mDELETE FROM "schema_migrations" WHERE "schema_migrations"."version" = ?[0m  [["version", "20230526070638"]]
  [1m[36mTRANSACTION (0.4ms)[0m  [1m[36mcommit transaction[0m
  [1m[36mActiveRecord::SchemaMigration Pluck (0.0ms)[0m  [1m[34mSELECT "schema_migrations"."version" FROM "schema_migrations" ORDER BY "schema_migrations"."version" ASC[0m
  [1m[36mActiveRecord::SchemaMigration Pluck (0.1ms)[0m  [1m[34mSELECT "schema_migrations"."version" FROM "schema_migrations" ORDER BY "schema_migrations"."version" ASC[0m
  [1m[36mActiveRecord::SchemaMigration Pluck (0.0ms)[0m  [1m[34mSELECT "schema_migrations"."version" FROM "schema_migrations" ORDER BY "schema_migrations"."version" ASC[0m
  [1m[36mActiveRecord::SchemaMigration Pluck (0.0ms)[0m  [1m[34mSELECT "schema_migrations"."version" FROM "schema_migrations" ORDER BY "schema_migrations"."version" ASC[0m
  [1m[36mActiveRecord::SchemaMigration Pluck (0.0ms)[0m  [1m[34mSELECT "schema_migrations"."version" FROM "schema_migrations" ORDER BY "schema_migrations"."version" ASC[0m
Migrating to CreateUsers (20230526070337)
  [1m[36mTRANSACTION (0.1ms)[0m  [1m[36mbegin transaction[0m
  [1m[35m (0.5ms)[0m  [1m[35mDROP TABLE "users"[0m
  [1m[36mActiveRecord::SchemaMigration Delete All (0.2ms)[0m  [1m[31mDELETE FROM "schema_migrations" WHERE "schema_migrations"."version" = ?[0m  [["version", "20230526070337"]]
  [1m[36mTRANSACTION (0.3ms)[0m  [1m[36mcommit transaction[0m
  [1m[36mActiveRecord::SchemaMigration Pluck (0.0ms)[0m  [1m[34mSELECT "schema_migrations"."version" FROM "schema_migrations" ORDER BY "schema_migrations"."version" ASC[0m
  [1m[36mActiveRecord::SchemaMigration Pluck (0.1ms)[0m  [1m[34mSELECT "schema_migrations"."version" FROM "schema_migrations" ORDER BY "schema_migrations"."version" ASC[0m
Migrating to CreateUsers (20230526070337)
  [1m[36mTRANSACTION (0.0ms)[0m  [1m[36mbegin transaction[0m
  [1m[35m (0.3ms)[0m  [1m[35mCREATE TABLE "users" ("id" integer PRIMARY KEY AUTOINCREMENT NOT NULL, "name" varchar NOT NULL, "email" varchar NOT NULL, "phone_number" integer NOT NULL, "password_digest" varchar NOT NULL, "created_at" datetime(6) NOT NULL, "updated_at" datetime(6) NOT NULL)[0m
  [1m[36mActiveRecord::SchemaMigration Create (0.6ms)[0m  [1m[32mINSERT INTO "schema_migrations" ("version") VALUES (?)[0m  [["version", "20230526070337"]]
  [1m[36mTRANSACTION (0.3ms)[0m  [1m[36mcommit transaction[0m
Migrating to CreateProducts (20230526070638)
  [1m[36mTRANSACTION (0.0ms)[0m  [1m[36mbegin transaction[0m
  [1m[35m (0.2ms)[0m  [1m[35mCREATE TABLE "products" ("id" integer PRIMARY KEY AUTOINCREMENT NOT NULL, "image" varchar NOT NULL, "description" varchar NOT NULL, "unit_price" integer NOT NULL, "quantity" integer NOT NULL, "total" integer NOT NULL, "created_at" datetime(6) NOT NULL, "updated_at" datetime(6) NOT NULL)[0m
  [1m[36mActiveRecord::SchemaMigration Create (2.1ms)[0m  [1m[32mINSERT INTO "schema_migrations" ("version") VALUES (?)[0m  [["version", "20230526070638"]]
  [1m[36mTRANSACTION (0.6ms)[0m  [1m[36mcommit transaction[0m
  [1m[36mActiveRecord::InternalMetadata Load (0.1ms)[0m  [1m[34mSELECT "ar_internal_metadata".* FROM "ar_internal_metadata" WHERE "ar_internal_metadata"."key" = ? LIMIT ?[0m  [["key", "environment"], ["LIMIT", 1]]
  [1m[36mActiveRecord::SchemaMigration Pluck (0.0ms)[0m  [1m[34mSELECT "schema_migrations"."version" FROM "schema_migrations" ORDER BY "schema_migrations"."version" ASC[0m
Started POST "/register" for 127.0.0.1 at 2023-05-26 11:21:21 +0300
  [1m[36mActiveRecord::SchemaMigration Pluck (0.1ms)[0m  [1m[34mSELECT "schema_migrations"."version" FROM "schema_migrations" ORDER BY "schema_migrations"."version" ASC[0m
  
LoadError (cannot load such file -- bcrypt):
  
app/models/user.rb:2:in `<class:User>'
app/models/user.rb:1:in `<main>'
Started POST "/register" for 127.0.0.1 at 2023-05-26 11:21:49 +0300
  [1m[36mActiveRecord::SchemaMigration Pluck (0.1ms)[0m  [1m[34mSELECT "schema_migrations"."version" FROM "schema_migrations" ORDER BY "schema_migrations"."version" ASC[0m
Processing by UsersController#create as */*
  Parameters: {"name"=>"Nyokabi", "email"=>"nyokabi@gmail.com", "phone_number"=>"000000", "password"=>"[FILTERED]", "user"=>{"name"=>"Nyokabi", "email"=>"nyokabi@gmail.com", "phone_number"=>"000000"}}
[31mUnpermitted parameter: :user. Context: { controller: UsersController, action: create, request: #<ActionDispatch::Request:0x00007fd3925eaa48>, params: {"name"=>"Nyokabi", "email"=>"nyokabi@gmail.com", "phone_number"=>"000000", "password"=>"[FILTERED]", "controller"=>"users", "action"=>"create", "user"=>{"name"=>"Nyokabi", "email"=>"nyokabi@gmail.com", "phone_number"=>"000000"}} }[0m
  [1m[36mTRANSACTION (0.0ms)[0m  [1m[36mbegin transaction[0m
  ↳ app/controllers/users_controller.rb:15:in `create'
  [1m[36mUser Create (0.4ms)[0m  [1m[32mINSERT INTO "users" ("name", "email", "phone_number", "password_digest", "created_at", "updated_at") VALUES (?, ?, ?, ?, ?, ?)[0m  [["name", "Nyokabi"], ["email", "nyokabi@gmail.com"], ["phone_number", 0], ["password_digest", "[FILTERED]"], ["created_at", "2023-05-26 08:21:49.962017"], ["updated_at", "2023-05-26 08:21:49.962017"]]
  ↳ app/controllers/users_controller.rb:15:in `create'
  [1m[36mTRANSACTION (1.1ms)[0m  [1m[36mcommit transaction[0m
  ↳ app/controllers/users_controller.rb:15:in `create'
Completed 500 Internal Server Error in 293ms (ActiveRecord: 1.9ms | Allocations: 39644)


  
NameError (uninitialized constant ApplicationController::JWT):
  
app/controllers/application_controller.rb:6:in `encode_token'
app/controllers/users_controller.rb:17:in `create'
Started POST "/register" for 127.0.0.1 at 2023-05-26 11:28:26 +0300
  
LoadError (cannot load such file -- jwt):
  
app/controllers/application_controller.rb:3:in `<class:ApplicationController>'
app/controllers/application_controller.rb:1:in `<main>'
app/controllers/users_controller.rb:1:in `<main>'
Started POST "/register" for 127.0.0.1 at 2023-05-26 11:28:35 +0300
  [1m[36mActiveRecord::SchemaMigration Pluck (0.1ms)[0m  [1m[34mSELECT "schema_migrations"."version" FROM "schema_migrations" ORDER BY "schema_migrations"."version" ASC[0m
Processing by UsersController#create as */*
  Parameters: {"name"=>"Nyokabi", "email"=>"nyokabi@gmail.com", "phone_number"=>"000000", "password"=>"[FILTERED]", "user"=>{"name"=>"Nyokabi", "email"=>"nyokabi@gmail.com", "phone_number"=>"000000"}}
[31mUnpermitted parameter: :user. Context: { controller: UsersController, action: create, request: #<ActionDispatch::Request:0x00007f9036a1d880>, params: {"name"=>"Nyokabi", "email"=>"nyokabi@gmail.com", "phone_number"=>"000000", "password"=>"[FILTERED]", "controller"=>"users", "action"=>"create", "user"=>{"name"=>"Nyokabi", "email"=>"nyokabi@gmail.com", "phone_number"=>"000000"}} }[0m
  [1m[36mTRANSACTION (0.0ms)[0m  [1m[36mbegin transaction[0m
  ↳ app/controllers/users_controller.rb:15:in `create'
  [1m[36mUser Create (2.0ms)[0m  [1m[32mINSERT INTO "users" ("name", "email", "phone_number", "password_digest", "created_at", "updated_at") VALUES (?, ?, ?, ?, ?, ?)[0m  [["name", "Nyokabi"], ["email", "nyokabi@gmail.com"], ["phone_number", 0], ["password_digest", "[FILTERED]"], ["created_at", "2023-05-26 08:28:35.455985"], ["updated_at", "2023-05-26 08:28:35.455985"]]
  ↳ app/controllers/users_controller.rb:15:in `create'
  [1m[36mTRANSACTION (0.4ms)[0m  [1m[36mcommit transaction[0m
  ↳ app/controllers/users_controller.rb:15:in `create'
Completed 201 Created in 295ms (Views: 0.3ms | ActiveRecord: 2.9ms | Allocations: 38240)


